Validating run selection against Broad Institute website ...
You've asked to download archives for the following tasks

     BRCA.Merge_snp__genome_wide_snp_6__broad_mit_edu__Level_3__segmented_scna_minus_germline_cnv_hg19__seg.Level_3

run against the disease cohorts

      BRCA

from the stddata__2015_02_04 Firehose run. 
Attempting to retrieve data for Broad GDAC run stddata__2015_02_04 ...
--2015-06-01 15:12:45--  http://gdac.broadinstitute.org/runs/stddata__2015_02_04/data/BRCA/
     0K                                                      100%  134M=0s
2015-06-01 15:12:45 ERROR 404: Not Found.
--2015-06-01 15:12:45--  http://gdac.broadinstitute.org/runs/stddata__2015_02_04/data/BRCA/?C=N;O=D
     0K                                                      100%  158M=0s
--2015-06-01 15:12:45--  http://gdac.broadinstitute.org/runs/stddata__2015_02_04/data/BRCA/?C=M;O=A
     0K                                                      100%  180M=0s
--2015-06-01 15:12:45--  http://gdac.broadinstitute.org/runs/stddata__2015_02_04/data/BRCA/?C=S;O=A
     0K                                                      100%  150M=0s
--2015-06-01 15:12:45--  http://gdac.broadinstitute.org/runs/stddata__2015_02_04/data/BRCA/?C=D;O=A
     0K                                                      100%  151M=0s
--2015-06-01 15:12:45--  http://gdac.broadinstitute.org/runs/stddata__2015_02_04/data/BRCA/20150204/
     0K .                                                      153K=0,7s
--2015-06-01 15:12:47--  http://gdac.broadinstitute.org/runs/stddata__2015_02_04/data/BRCA/?C=N;O=A
     0K                                                      100%  170M=0s
--2015-06-01 15:12:47--  http://gdac.broadinstitute.org/runs/stddata__2015_02_04/data/BRCA/?C=M;O=D
     0K                                                      100%  155M=0s
--2015-06-01 15:12:47--  http://gdac.broadinstitute.org/runs/stddata__2015_02_04/data/BRCA/?C=S;O=D
     0K                                                      100%  152M=0s
--2015-06-01 15:12:47--  http://gdac.broadinstitute.org/runs/stddata__2015_02_04/data/BRCA/?C=D;O=D
     0K                                                      100%  163M=0s
--2015-06-01 15:12:47--  http://gdac.broadinstitute.org/runs/stddata__2015_02_04/data/BRCA/20150204/?C=N;O=D
     0K .                                                      393K=0,3s
--2015-06-01 15:12:48--  http://gdac.broadinstitute.org/runs/stddata__2015_02_04/data/BRCA/20150204/?C=M;O=A
     0K .                                                      749K=0,1s
--2015-06-01 15:12:48--  http://gdac.broadinstitute.org/runs/stddata__2015_02_04/data/BRCA/20150204/?C=S;O=A
     0K .                                                      741K=0,1s
--2015-06-01 15:12:48--  http://gdac.broadinstitute.org/runs/stddata__2015_02_04/data/BRCA/20150204/?C=D;O=A
     0K .                                                      744K=0,1s
--2015-06-01 15:12:48--  http://gdac.broadinstitute.org/runs/stddata__2015_02_04/data/BRCA/20150204/gdac.broadinstitute.org_BRCA.Merge_snp__genome_wide_snp_6__broad_mit_edu__Level_3__segmented_scna_minus_germline_cnv_hg19__seg.Level_3.2015020400.0.0.tar.gz
Saving to: `stddata__2015_02_04/BRCA/20150204/gdac.broadinstitute.org_BRCA.Merge_snp__genome_wide_snp_6__broad_mit_edu__Level_3__segmented_scna_minus_germline_cnv_hg19__seg.Level_3.2015020400.0.0.tar.gz'
     0K ........ ........ ........ ........ ........ ........ 65%  542K 3s
  3072K ........ ........ ........ .                         100%  548K=8,7s
--2015-06-01 15:12:57--  http://gdac.broadinstitute.org/runs/stddata__2015_02_04/data/BRCA/20150204/gdac.broadinstitute.org_BRCA.Merge_snp__genome_wide_snp_6__broad_mit_edu__Level_3__segmented_scna_minus_germline_cnv_hg19__seg.Level_3.2015020400.0.0.tar.gz.md5
Saving to: `stddata__2015_02_04/BRCA/20150204/gdac.broadinstitute.org_BRCA.Merge_snp__genome_wide_snp_6__broad_mit_edu__Level_3__segmented_scna_minus_germline_cnv_hg19__seg.Level_3.2015020400.0.0.tar.gz.md5'
     0K                                                      100% 44,4M=0s
FINISHED --2015-06-01 15:12:57--
Total wall clock time: 13s
Downloaded: 16 files, 5,1M in 10s (523 KB/s)


Now performing post-processing on retrieved files ...
Validating run selection against Broad Institute website ...
You've asked to download archives for the following tasks

     RSEM_genes_normalized

run against the disease cohorts

      BRCA

from the stddata__2015_02_04 Firehose run. 
Attempting to retrieve data for Broad GDAC run stddata__2015_02_04 ...
--2015-06-01 18:34:10--  http://gdac.broadinstitute.org/runs/stddata__2015_02_04/data/BRCA/
     0K                                                      100% 85,5M=0s
2015-06-01 18:34:11 ERROR 404: Not Found.
--2015-06-01 18:34:11--  http://gdac.broadinstitute.org/runs/stddata__2015_02_04/data/BRCA/?C=N;O=D
     0K                                                      100%  102M=0s
--2015-06-01 18:34:11--  http://gdac.broadinstitute.org/runs/stddata__2015_02_04/data/BRCA/?C=M;O=A
     0K                                                      100% 99,8M=0s
--2015-06-01 18:34:11--  http://gdac.broadinstitute.org/runs/stddata__2015_02_04/data/BRCA/?C=S;O=A
     0K                                                      100%  102M=0s
--2015-06-01 18:34:11--  http://gdac.broadinstitute.org/runs/stddata__2015_02_04/data/BRCA/?C=D;O=A
     0K                                                      100%  101M=0s
--2015-06-01 18:34:11--  http://gdac.broadinstitute.org/runs/stddata__2015_02_04/data/BRCA/20150204/
     0K .                                                      158K=0,7s
--2015-06-01 18:34:12--  http://gdac.broadinstitute.org/runs/stddata__2015_02_04/data/BRCA/?C=N;O=A
     0K                                                      100%  101M=0s
--2015-06-01 18:34:12--  http://gdac.broadinstitute.org/runs/stddata__2015_02_04/data/BRCA/?C=M;O=D
     0K                                                      100%  107M=0s
--2015-06-01 18:34:12--  http://gdac.broadinstitute.org/runs/stddata__2015_02_04/data/BRCA/?C=S;O=D
     0K                                                      100%  107M=0s
--2015-06-01 18:34:12--  http://gdac.broadinstitute.org/runs/stddata__2015_02_04/data/BRCA/?C=D;O=D
     0K                                                      100%  201M=0s
--2015-06-01 18:34:13--  http://gdac.broadinstitute.org/runs/stddata__2015_02_04/data/BRCA/20150204/?C=N;O=D
     0K .                                                      427K=0,2s
--2015-06-01 18:34:13--  http://gdac.broadinstitute.org/runs/stddata__2015_02_04/data/BRCA/20150204/?C=M;O=A
     0K .                                                      815K=0,1s
--2015-06-01 18:34:13--  http://gdac.broadinstitute.org/runs/stddata__2015_02_04/data/BRCA/20150204/?C=S;O=A
     0K .                                                      815K=0,1s
--2015-06-01 18:34:13--  http://gdac.broadinstitute.org/runs/stddata__2015_02_04/data/BRCA/20150204/?C=D;O=A
     0K .                                                      818K=0,1s
--2015-06-01 18:34:14--  http://gdac.broadinstitute.org/runs/stddata__2015_02_04/data/BRCA/20150204/gdac.broadinstitute.org_BRCA.Merge_rnaseqv2__illuminahiseq_rnaseqv2__unc_edu__Level_3__RSEM_genes_normalized__data.Level_3.2015020400.0.0.tar.gz
Saving to: `stddata__2015_02_04/BRCA/20150204/gdac.broadinstitute.org_BRCA.Merge_rnaseqv2__illuminahiseq_rnaseqv2__unc_edu__Level_3__RSEM_genes_normalized__data.Level_3.2015020400.0.0.tar.gz'
     0K ........ ........ ........ ........ ........ ........  3%  605K 2m33s
  3072K ........ ........ ........ ........ ........ ........  6%  619K 2m26s
  6144K ........ ........ ........ ........ ........ ........  9%  580K 2m24s
  9216K ........ ........ ........ ........ ........ ........ 12%  569K 2m21s
 12288K ........ ........ ........ ........ ........ ........ 16%  599K 2m15s
 15360K ........ ........ ........ ........ ........ ........ 19%  584K 2m10s
 18432K ........ ........ ........ ........ ........ ........ 22%  550K 2m7s
 21504K ........ ........ ........ ........ ........ ........ 25%  564K 2m2s
 24576K ........ ........ ........ ........ ........ ........ 28%  598K 1m56s
 27648K ........ ........ ........ ........ ........ ........ 32%  609K 1m51s
 30720K ........ ........ ........ ........ ........ ........ 35%  595K 1m45s
 33792K ........ ........ ........ ........ ........ ........ 38%  600K 1m40s
 36864K ........ ........ ........ ........ ........ ........ 41%  604K 95s
 39936K ........ ........ ........ ........ ........ ........ 44%  597K 89s
 43008K ........ ........ ........ ........ ........ ........ 48%  592K 84s
 46080K ........ ........ ........ ........ ........ ........ 51%  608K 79s
 49152K ........ ........ ........ ........ ........ ........ 54%  615K 73s
 52224K ........ ........ ........ ........ ........ ........ 57%  590K 68s
 55296K ........ ........ ........ ........ ........ ........ 60%  593K 63s
 58368K ........ ........ ........ ........ ........ ........ 64%  636K 58s
 61440K ........ ........ ........ ........ ........ ........ 67%  580K 52s
 64512K ........ ........ ........ ........ ........ ........ 70%  617K 47s
 67584K ........ ........ ........ ........ ........ ........ 73%  604K 42s
 70656K ........ ........ ........ ........ ........ ........ 77%  592K 37s
 73728K ........ ........ ........ ........ ........ ........ 80%  592K 32s
 76800K ........ ........ ........ ........ ........ ........ 83%  604K 27s
 79872K ........ ........ ........ ........ ........ ........ 86%  586K 21s
 82944K ........ ........ ........ ........ ........ ........ 89%  587K 16s
 86016K ........ ........ ........ ........ ........ ........ 93%  604K 11s
 89088K ........ ........ ........ ........ ........ ........ 96%  567K 6s
 92160K ........ ........ ........ ........ ........ ........ 99%  602K 1s
 95232K .......                                              100%  563K=2m41s
--2015-06-01 18:36:55--  http://gdac.broadinstitute.org/runs/stddata__2015_02_04/data/BRCA/20150204/gdac.broadinstitute.org_BRCA.Merge_rnaseqv2__illuminahiseq_rnaseqv2__unc_edu__Level_3__RSEM_genes_normalized__data.Level_3.2015020400.0.0.tar.gz.md5
Saving to: `stddata__2015_02_04/BRCA/20150204/gdac.broadinstitute.org_BRCA.Merge_rnaseqv2__illuminahiseq_rnaseqv2__unc_edu__Level_3__RSEM_genes_normalized__data.Level_3.2015020400.0.0.tar.gz.md5'
     0K                                                      100% 18,9M=0s
--2015-06-01 18:36:55--  http://gdac.broadinstitute.org/runs/stddata__2015_02_04/data/BRCA/20150204/gdac.broadinstitute.org_BRCA.Merge_rnaseqv2__illuminahiseq_rnaseqv2__unc_edu__Level_3__RSEM_genes_normalized__data.aux.2015020400.0.0.tar.gz
Saving to: `stddata__2015_02_04/BRCA/20150204/gdac.broadinstitute.org_BRCA.Merge_rnaseqv2__illuminahiseq_rnaseqv2__unc_edu__Level_3__RSEM_genes_normalized__data.aux.2015020400.0.0.tar.gz'
     0K                                                      100% 92,4M=0s
--2015-06-01 18:36:55--  http://gdac.broadinstitute.org/runs/stddata__2015_02_04/data/BRCA/20150204/gdac.broadinstitute.org_BRCA.Merge_rnaseqv2__illuminahiseq_rnaseqv2__unc_edu__Level_3__RSEM_genes_normalized__data.aux.2015020400.0.0.tar.gz.md5
Saving to: `stddata__2015_02_04/BRCA/20150204/gdac.broadinstitute.org_BRCA.Merge_rnaseqv2__illuminahiseq_rnaseqv2__unc_edu__Level_3__RSEM_genes_normalized__data.aux.2015020400.0.0.tar.gz.md5'
     0K                                                      100% 20,1M=0s
--2015-06-01 18:36:55--  http://gdac.broadinstitute.org/runs/stddata__2015_02_04/data/BRCA/20150204/gdac.broadinstitute.org_BRCA.Merge_rnaseqv2__illuminahiseq_rnaseqv2__unc_edu__Level_3__RSEM_genes_normalized__data.mage-tab.2015020400.0.0.tar.gz
Saving to: `stddata__2015_02_04/BRCA/20150204/gdac.broadinstitute.org_BRCA.Merge_rnaseqv2__illuminahiseq_rnaseqv2__unc_edu__Level_3__RSEM_genes_normalized__data.mage-tab.2015020400.0.0.tar.gz'
     0K .                                                    100% 11,9M=0,007s
--2015-06-01 18:36:55--  http://gdac.broadinstitute.org/runs/stddata__2015_02_04/data/BRCA/20150204/gdac.broadinstitute.org_BRCA.Merge_rnaseqv2__illuminahiseq_rnaseqv2__unc_edu__Level_3__RSEM_genes_normalized__data.mage-tab.2015020400.0.0.tar.gz.md5
Saving to: `stddata__2015_02_04/BRCA/20150204/gdac.broadinstitute.org_BRCA.Merge_rnaseqv2__illuminahiseq_rnaseqv2__unc_edu__Level_3__RSEM_genes_normalized__data.mage-tab.2015020400.0.0.tar.gz.md5'
     0K                                                      100% 35,4M=0s
FINISHED --2015-06-01 18:36:56--
Total wall clock time: 2m 45s
Downloaded: 20 files, 94M in 2m 42s (593 KB/s)


Now performing post-processing on retrieved files ...
Validating run selection against Broad Institute website ...
You've asked to download archives for the following tasks

     Mutation_Packager_Calls

run against the disease cohorts

      BRCA

from the stddata__2015_02_04 Firehose run. 
Attempting to retrieve data for Broad GDAC run stddata__2015_02_04 ...
--2015-06-01 18:46:41--  http://gdac.broadinstitute.org/runs/stddata__2015_02_04/data/BRCA/
     0K                                                      100%  195M=0s
2015-06-01 18:46:41 ERROR 404: Not Found.
--2015-06-01 18:46:41--  http://gdac.broadinstitute.org/runs/stddata__2015_02_04/data/BRCA/?C=N;O=D
     0K                                                      100% 97,4M=0s
--2015-06-01 18:46:42--  http://gdac.broadinstitute.org/runs/stddata__2015_02_04/data/BRCA/?C=M;O=A
     0K                                                      100%  103M=0s
--2015-06-01 18:46:42--  http://gdac.broadinstitute.org/runs/stddata__2015_02_04/data/BRCA/?C=S;O=A
     0K                                                      100% 56,1M=0s
--2015-06-01 18:46:42--  http://gdac.broadinstitute.org/runs/stddata__2015_02_04/data/BRCA/?C=D;O=A
     0K                                                      100% 97,8M=0s
--2015-06-01 18:46:42--  http://gdac.broadinstitute.org/runs/stddata__2015_02_04/data/BRCA/20150204/
     0K .                                                      156K=0,7s
--2015-06-01 18:46:43--  http://gdac.broadinstitute.org/runs/stddata__2015_02_04/data/BRCA/?C=N;O=A
     0K                                                      100% 96,9M=0s
--2015-06-01 18:46:43--  http://gdac.broadinstitute.org/runs/stddata__2015_02_04/data/BRCA/?C=M;O=D
     0K                                                      100%  100M=0s
--2015-06-01 18:46:43--  http://gdac.broadinstitute.org/runs/stddata__2015_02_04/data/BRCA/?C=S;O=D
     0K                                                      100%  102M=0s
--2015-06-01 18:46:43--  http://gdac.broadinstitute.org/runs/stddata__2015_02_04/data/BRCA/?C=D;O=D
     0K                                                      100%  103M=0s
--2015-06-01 18:46:43--  http://gdac.broadinstitute.org/runs/stddata__2015_02_04/data/BRCA/20150204/?C=N;O=D
     0K .                                                      477K=0,2s
--2015-06-01 18:46:44--  http://gdac.broadinstitute.org/runs/stddata__2015_02_04/data/BRCA/20150204/?C=M;O=A
     0K .                                                      909K=0,1s
--2015-06-01 18:46:44--  http://gdac.broadinstitute.org/runs/stddata__2015_02_04/data/BRCA/20150204/?C=S;O=A
     0K .                                                      910K=0,1s
--2015-06-01 18:46:44--  http://gdac.broadinstitute.org/runs/stddata__2015_02_04/data/BRCA/20150204/?C=D;O=A
     0K .                                                      906K=0,1s
--2015-06-01 18:46:44--  http://gdac.broadinstitute.org/runs/stddata__2015_02_04/data/BRCA/20150204/gdac.broadinstitute.org_BRCA.Mutation_Packager_Calls.Level_3.2015020400.0.0.tar.gz
Saving to: `stddata__2015_02_04/BRCA/20150204/gdac.broadinstitute.org_BRCA.Mutation_Packager_Calls.Level_3.2015020400.0.0.tar.gz'
     0K ........ ........ ........ ........ ........ ........ 30%  683K 10s
  3072K ........ ........ ........ ........ ........ ........ 60%  663K 6s
  6144K ........ ........ ........ ........ ........ ........ 90%  659K 1s
  9216K ........ .......                                     100%  708K=15s
--2015-06-01 18:47:00--  http://gdac.broadinstitute.org/runs/stddata__2015_02_04/data/BRCA/20150204/gdac.broadinstitute.org_BRCA.Mutation_Packager_Calls.Level_3.2015020400.0.0.tar.gz.md5
Saving to: `stddata__2015_02_04/BRCA/20150204/gdac.broadinstitute.org_BRCA.Mutation_Packager_Calls.Level_3.2015020400.0.0.tar.gz.md5'
     0K                                                      100% 31,4M=0s
--2015-06-01 18:47:00--  http://gdac.broadinstitute.org/runs/stddata__2015_02_04/data/BRCA/20150204/gdac.broadinstitute.org_BRCA.Mutation_Packager_Calls.aux.2015020400.0.0.tar.gz
Saving to: `stddata__2015_02_04/BRCA/20150204/gdac.broadinstitute.org_BRCA.Mutation_Packager_Calls.aux.2015020400.0.0.tar.gz'
     0K                                                      100%  186M=0s
--2015-06-01 18:47:00--  http://gdac.broadinstitute.org/runs/stddata__2015_02_04/data/BRCA/20150204/gdac.broadinstitute.org_BRCA.Mutation_Packager_Calls.aux.2015020400.0.0.tar.gz.md5
Saving to: `stddata__2015_02_04/BRCA/20150204/gdac.broadinstitute.org_BRCA.Mutation_Packager_Calls.aux.2015020400.0.0.tar.gz.md5'
     0K                                                      100% 32,4M=0s
--2015-06-01 18:47:00--  http://gdac.broadinstitute.org/runs/stddata__2015_02_04/data/BRCA/20150204/gdac.broadinstitute.org_BRCA.Mutation_Packager_Calls.mage-tab.2015020400.0.0.tar.gz
Saving to: `stddata__2015_02_04/BRCA/20150204/gdac.broadinstitute.org_BRCA.Mutation_Packager_Calls.mage-tab.2015020400.0.0.tar.gz'
     0K ........ ........ ........ ........ ........ ........ 29%  669K 11s
  3072K ........ ........ ........ ........ ........ ........ 58%  661K 6s
  6144K ........ ........ ........ ........ ........ ........ 88%  660K 2s
  9216K ........ ........ ...                                100%  651K=16s
--2015-06-01 18:47:16--  http://gdac.broadinstitute.org/runs/stddata__2015_02_04/data/BRCA/20150204/gdac.broadinstitute.org_BRCA.Mutation_Packager_Calls.mage-tab.2015020400.0.0.tar.gz.md5
Saving to: `stddata__2015_02_04/BRCA/20150204/gdac.broadinstitute.org_BRCA.Mutation_Packager_Calls.mage-tab.2015020400.0.0.tar.gz.md5'
     0K                                                      100% 12,3M=0s
FINISHED --2015-06-01 18:47:16--
Total wall clock time: 35s
Downloaded: 20 files, 21M in 32s (658 KB/s)


Now performing post-processing on retrieved files ...
Validating run selection against Broad Institute website ...
You've asked to download archives for the following tasks

     Clinical

run against the disease cohorts

      BRCA

from the stddata__2015_02_04 Firehose run. 
Attempting to retrieve data for Broad GDAC run stddata__2015_02_04 ...
--2015-06-01 18:47:18--  http://gdac.broadinstitute.org/runs/stddata__2015_02_04/data/BRCA/
     0K                                                      100% 97,5M=0s
2015-06-01 18:47:18 ERROR 404: Not Found.
--2015-06-01 18:47:18--  http://gdac.broadinstitute.org/runs/stddata__2015_02_04/data/BRCA/?C=N;O=D
     0K                                                      100% 91,4M=0s
--2015-06-01 18:47:18--  http://gdac.broadinstitute.org/runs/stddata__2015_02_04/data/BRCA/?C=M;O=A
     0K                                                      100%  100M=0s
--2015-06-01 18:47:18--  http://gdac.broadinstitute.org/runs/stddata__2015_02_04/data/BRCA/?C=S;O=A
     0K                                                      100%  105M=0s
--2015-06-01 18:47:18--  http://gdac.broadinstitute.org/runs/stddata__2015_02_04/data/BRCA/?C=D;O=A
     0K                                                      100%  103M=0s
--2015-06-01 18:47:18--  http://gdac.broadinstitute.org/runs/stddata__2015_02_04/data/BRCA/20150204/
     0K .                                                      166K=0,6s
--2015-06-01 18:47:19--  http://gdac.broadinstitute.org/runs/stddata__2015_02_04/data/BRCA/?C=N;O=A
     0K                                                      100% 96,5M=0s
--2015-06-01 18:47:19--  http://gdac.broadinstitute.org/runs/stddata__2015_02_04/data/BRCA/?C=M;O=D
     0K                                                      100%  105M=0s
--2015-06-01 18:47:19--  http://gdac.broadinstitute.org/runs/stddata__2015_02_04/data/BRCA/?C=S;O=D
     0K                                                      100%  107M=0s
--2015-06-01 18:47:20--  http://gdac.broadinstitute.org/runs/stddata__2015_02_04/data/BRCA/?C=D;O=D
     0K                                                      100%  101M=0s
--2015-06-01 18:47:20--  http://gdac.broadinstitute.org/runs/stddata__2015_02_04/data/BRCA/20150204/?C=N;O=D
     0K .                                                      475K=0,2s
--2015-06-01 18:47:20--  http://gdac.broadinstitute.org/runs/stddata__2015_02_04/data/BRCA/20150204/?C=M;O=A
     0K .                                                      897K=0,1s
--2015-06-01 18:47:20--  http://gdac.broadinstitute.org/runs/stddata__2015_02_04/data/BRCA/20150204/?C=S;O=A
     0K .                                                      903K=0,1s
--2015-06-01 18:47:20--  http://gdac.broadinstitute.org/runs/stddata__2015_02_04/data/BRCA/20150204/?C=D;O=A
     0K .                                                      898K=0,1s
--2015-06-01 18:47:21--  http://gdac.broadinstitute.org/runs/stddata__2015_02_04/data/BRCA/20150204/gdac.broadinstitute.org_BRCA.Clinical_Pick_Tier1.Level_4.2015020400.0.0.tar.gz
Saving to: `stddata__2015_02_04/BRCA/20150204/gdac.broadinstitute.org_BRCA.Clinical_Pick_Tier1.Level_4.2015020400.0.0.tar.gz'
     0K                                                      100% 12,5M=0,001s
--2015-06-01 18:47:21--  http://gdac.broadinstitute.org/runs/stddata__2015_02_04/data/BRCA/20150204/gdac.broadinstitute.org_BRCA.Clinical_Pick_Tier1.Level_4.2015020400.0.0.tar.gz.md5
Saving to: `stddata__2015_02_04/BRCA/20150204/gdac.broadinstitute.org_BRCA.Clinical_Pick_Tier1.Level_4.2015020400.0.0.tar.gz.md5'
     0K                                                      100% 28,4M=0s
--2015-06-01 18:47:21--  http://gdac.broadinstitute.org/runs/stddata__2015_02_04/data/BRCA/20150204/gdac.broadinstitute.org_BRCA.Clinical_Pick_Tier1.aux.2015020400.0.0.tar.gz
Saving to: `stddata__2015_02_04/BRCA/20150204/gdac.broadinstitute.org_BRCA.Clinical_Pick_Tier1.aux.2015020400.0.0.tar.gz'
     0K                                                      100%  119M=0s
--2015-06-01 18:47:21--  http://gdac.broadinstitute.org/runs/stddata__2015_02_04/data/BRCA/20150204/gdac.broadinstitute.org_BRCA.Clinical_Pick_Tier1.aux.2015020400.0.0.tar.gz.md5
Saving to: `stddata__2015_02_04/BRCA/20150204/gdac.broadinstitute.org_BRCA.Clinical_Pick_Tier1.aux.2015020400.0.0.tar.gz.md5'
     0K                                                      100% 28,3M=0s
--2015-06-01 18:47:21--  http://gdac.broadinstitute.org/runs/stddata__2015_02_04/data/BRCA/20150204/gdac.broadinstitute.org_BRCA.Clinical_Pick_Tier1.mage-tab.2015020400.0.0.tar.gz
Saving to: `stddata__2015_02_04/BRCA/20150204/gdac.broadinstitute.org_BRCA.Clinical_Pick_Tier1.mage-tab.2015020400.0.0.tar.gz'
     0K                                                      100%  148M=0s
--2015-06-01 18:47:21--  http://gdac.broadinstitute.org/runs/stddata__2015_02_04/data/BRCA/20150204/gdac.broadinstitute.org_BRCA.Clinical_Pick_Tier1.mage-tab.2015020400.0.0.tar.gz.md5
Saving to: `stddata__2015_02_04/BRCA/20150204/gdac.broadinstitute.org_BRCA.Clinical_Pick_Tier1.mage-tab.2015020400.0.0.tar.gz.md5'
     0K                                                      100% 31,1M=0s
--2015-06-01 18:47:21--  http://gdac.broadinstitute.org/runs/stddata__2015_02_04/data/BRCA/20150204/gdac.broadinstitute.org_BRCA.Merge_Clinical.Level_1.2015020400.0.0.tar.gz
Saving to: `stddata__2015_02_04/BRCA/20150204/gdac.broadinstitute.org_BRCA.Merge_Clinical.Level_1.2015020400.0.0.tar.gz'
     0K ........ ........ ........ ........ .                100%  689K=3,1s
--2015-06-01 18:47:25--  http://gdac.broadinstitute.org/runs/stddata__2015_02_04/data/BRCA/20150204/gdac.broadinstitute.org_BRCA.Merge_Clinical.Level_1.2015020400.0.0.tar.gz.md5
Saving to: `stddata__2015_02_04/BRCA/20150204/gdac.broadinstitute.org_BRCA.Merge_Clinical.Level_1.2015020400.0.0.tar.gz.md5'
     0K                                                      100% 12,1M=0s
--2015-06-01 18:47:25--  http://gdac.broadinstitute.org/runs/stddata__2015_02_04/data/BRCA/20150204/gdac.broadinstitute.org_BRCA.Merge_Clinical.aux.2015020400.0.0.tar.gz
Saving to: `stddata__2015_02_04/BRCA/20150204/gdac.broadinstitute.org_BRCA.Merge_Clinical.aux.2015020400.0.0.tar.gz'
     0K                                                      100% 57,3M=0s
--2015-06-01 18:47:25--  http://gdac.broadinstitute.org/runs/stddata__2015_02_04/data/BRCA/20150204/gdac.broadinstitute.org_BRCA.Merge_Clinical.aux.2015020400.0.0.tar.gz.md5
Saving to: `stddata__2015_02_04/BRCA/20150204/gdac.broadinstitute.org_BRCA.Merge_Clinical.aux.2015020400.0.0.tar.gz.md5'
     0K                                                      100% 11,1M=0s
--2015-06-01 18:47:25--  http://gdac.broadinstitute.org/runs/stddata__2015_02_04/data/BRCA/20150204/gdac.broadinstitute.org_BRCA.Merge_Clinical.mage-tab.2015020400.0.0.tar.gz
Saving to: `stddata__2015_02_04/BRCA/20150204/gdac.broadinstitute.org_BRCA.Merge_Clinical.mage-tab.2015020400.0.0.tar.gz'
     0K                                                      100% 13,4M=0,001s
--2015-06-01 18:47:25--  http://gdac.broadinstitute.org/runs/stddata__2015_02_04/data/BRCA/20150204/gdac.broadinstitute.org_BRCA.Merge_Clinical.mage-tab.2015020400.0.0.tar.gz.md5
Saving to: `stddata__2015_02_04/BRCA/20150204/gdac.broadinstitute.org_BRCA.Merge_Clinical.mage-tab.2015020400.0.0.tar.gz.md5'
     0K                                                      100% 11,7M=0s
FINISHED --2015-06-01 18:47:25--
Total wall clock time: 7,7s
Downloaded: 26 files, 2,6M in 4,3s (630 KB/s)


Now performing post-processing on retrieved files ...
